<?xml version="1.0" encoding="UTF-8"?>
<!-- Generated by org.testng.reporters.JUnitXMLReporter -->
<testsuite hostname="LAPTOP-C6V3FIT9" ignored="0" name="Default test" tests="3" failures="0" timestamp="2020-12-11T17:33:33 IST" time="20.905" errors="0">
  <testcase name="AttachBase64" time="7.817" classname="com.extentreports.test.AttachScreenshotToExtentReport"/>
  <testcase name="AttachScreenShot" time="6.368" classname="com.extentreports.test.AttachScreenshotToExtentReport"/>
  <testcase name="AttachScreenShotBase64" time="6.672" classname="com.extentreports.test.AttachScreenshotToExtentReport"/>
</testsuite> <!-- Default test -->
